File path: /Users/apartin/Dropbox/work/pilot1/cell-line-drug-sensitivity/src/models
Num of system CPUs: 8
n_jobs: 4

Load tidy data ... /Users/apartin/Dropbox/work/pilot1/cell-line-drug-sensitivity/src/models/../../data/processed/from_ccle_org/tidy_data_ccle_vsd_lincs.txt
data.shape (10924, 980)
data memory usage (GB): 0.092
                            tissuetype  CELL  DRUG
0                    AUTONOMIC_GANGLIA    10    24
1                        BILIARY_TRACT     1    24
2                                 BONE    11    24
3                               BREAST    28    24
4               CENTRAL_NERVOUS_SYSTEM    27    24
5                          ENDOMETRIUM    20    24
6   HAEMATOPOIETIC_AND_LYMPHOID_TISSUE    68    24
7                               KIDNEY     9    24
8                      LARGE_INTESTINE    22    24
9                                LIVER    17    24
10                                LUNG    89    24
11                          OESOPHAGUS    16    24
12                               OVARY    27    24
13                            PANCREAS    26    24
14                              PLEURA     7    24
15                            PROSTATE     3    24
16                      SALIVARY_GLAND     1    23
17                                SKIN    37    24
18                         SOFT_TISSUE    11    24
19                             STOMACH    17    24
20                             THYROID     5    24
21           UPPER_AERODIGESTIVE_TRACT     6    24
22                       URINARY_TRACT    14    24

Add drug labels to features ...
drug_labels.shape (10924, 24)
data.shape (10924, 1004)
