File path: /Users/apartin/Dropbox/work/pilot1/cell-line-drug-sensitivity/src/models
Num of system CPUs: 8
n_jobs: 4

Load tidy data ... /Users/apartin/Dropbox/work/pilot1/cell-line-drug-sensitivity/src/models/../../data/processed/from_combined/tidy_data_no_fibro.parquet
data.shape (405885, 3694)
data memory usage (GB): 6.238

Extract train sources ... ['ccle']
data.shape (10853, 3694)
data memory usage (GB): 0.167

Impute missing features ...
Num features with missing values: 180
Num features with missing values (after impute): 0

Split to train and val (test) ...
tr_data.shape (8682, 3694)
vl_data.shape (2171, 3694)

xtr
cell_rna: (8682, 942)
drug_dsc: (8682, 2733)

xvl
cell_rna: (2171, 942)
drug_dsc: (2171, 2733)

Train LGBMRegressor ...
Runtime: 0.26 mins
r2_score: 0.82
mean_absolute_error: 0.06
median_absolute_error: 0.04
model_explained_variance_score: 0.82
